<?xml version="1.0" encoding="utf-8"?><testsuites name="pytest tests"><testsuite name="pytest" errors="0" failures="1" skipped="0" tests="18" time="9.204" timestamp="2026-06-14T01:39:02.649273+00:00" hostname="agent-env-8c723f75-5af5-407e-9379-19184af31d9c"><testcase classname="backend_test.TestHealth" name="test_root" time="0.186" /><testcase classname="backend_test.TestAuth" name="test_admin_login_sets_cookies" time="0.337" /><testcase classname="backend_test.TestAuth" name="test_login_invalid_credentials" time="0.559" /><testcase classname="backend_test.TestAuth" name="test_me_unauthenticated" time="0.123" /><testcase classname="backend_test.TestAuth" name="test_me_authenticated" time="0.415" /><testcase classname="backend_test.TestAuth" name="test_register_and_me" time="0.407"><failure message="AssertionError: assert 'test_user_ed...b@example.com' == 'TEST_user_ed...b@example.com'&#10;  &#10;  - TEST_user_ed34428b@example.com&#10;  ? ^^^^&#10;  + test_user_ed34428b@example.com&#10;  ? ^^^^">backend_test.py:99: in test_register_and_me
    assert r.json()["email"] == new_user_session.email
E   AssertionError: assert 'test_user_ed...b@example.com' == 'TEST_user_ed...b@example.com'
E     
E     - TEST_user_ed34428b@example.com
E     ? ^^^^
E     + test_user_ed34428b@example.com
E     ? ^^^^</failure></testcase><testcase classname="backend_test.TestAuth" name="test_register_duplicate" time="0.102" /><testcase classname="backend_test.TestAuth" name="test_update_profile_persists" time="0.126" /><testcase classname="backend_test.TestAuth" name="test_logout_clears_cookies" time="0.509" /><testcase classname="backend_test.TestProtected" name="test_projects_requires_auth" time="0.142" /><testcase classname="backend_test.TestProtected" name="test_stats_requires_auth" time="0.090" /><testcase classname="backend_test.TestProtected" name="test_generate_requires_auth" time="0.130" /><testcase classname="backend_test.TestGenerate" name="test_generate_no_image" time="0.045" /><testcase classname="backend_test.TestGenerate" name="test_generate_html_creates_project" time="5.687" /><testcase classname="backend_test.TestGenerate" name="test_projects_lists_generated" time="0.049" /><testcase classname="backend_test.TestGenerate" name="test_get_project_by_id" time="0.048" /><testcase classname="backend_test.TestGenerate" name="test_stats_increment" time="0.047" /><testcase classname="backend_test.TestGenerate" name="test_delete_project" time="0.090" /></testsuite></testsuites>