<?xml version="1.0" encoding="utf-8"?><testsuites name="pytest tests"><testsuite name="pytest" errors="0" failures="1" skipped="0" tests="23" time="27.724" timestamp="2026-06-14T02:24:20.682421+00:00" hostname="agent-env-8c723f75-5af5-407e-9379-19184af31d9c"><testcase classname="backend.tests.backend_test.TestHealth" name="test_root" time="0.201" /><testcase classname="backend.tests.backend_test.TestAuth" name="test_admin_login_sets_cookies" time="0.358" /><testcase classname="backend.tests.backend_test.TestAuth" name="test_login_invalid_credentials" time="0.352" /><testcase classname="backend.tests.backend_test.TestAuth" name="test_me_unauthenticated" time="0.155" /><testcase classname="backend.tests.backend_test.TestAuth" name="test_me_authenticated" time="0.380" /><testcase classname="backend.tests.backend_test.TestAuth" name="test_register_and_me" time="0.391" /><testcase classname="backend.tests.backend_test.TestAuth" name="test_register_duplicate" time="0.095" /><testcase classname="backend.tests.backend_test.TestAuth" name="test_update_profile_persists" time="0.105" /><testcase classname="backend.tests.backend_test.TestAuth" name="test_logout_clears_cookies" time="0.446" /><testcase classname="backend.tests.backend_test.TestProtected" name="test_projects_requires_auth" time="0.088" /><testcase classname="backend.tests.backend_test.TestProtected" name="test_stats_requires_auth" time="0.140" /><testcase classname="backend.tests.backend_test.TestProtected" name="test_generate_requires_auth" time="0.141" /><testcase classname="backend.tests.backend_test.TestGenerate" name="test_generate_no_image" time="0.044" /><testcase classname="backend.tests.backend_test.TestGenerate" name="test_generate_html_creates_project" time="14.555" /><testcase classname="backend.tests.backend_test.TestGenerate" name="test_generate_with_gpt4o" time="5.459" /><testcase classname="backend.tests.backend_test.TestGenerate" name="test_refine_updates_code_and_versions" time="4.205" /><testcase classname="backend.tests.backend_test.TestGenerate" name="test_restore_previous_version" time="0.134" /><testcase classname="backend.tests.backend_test.TestGenerate" name="test_restore_invalid_index" time="0.045" /><testcase classname="backend.tests.backend_test.TestGenerate" name="test_projects_list_excludes_heavy_fields" time="0.056"><failure message="AssertionError: assert 'thumbnail' in {'created_at': '2026-06-14T01:44:08.700993+00:00', 'framework': 'HTML/CSS', 'id': '59902541-5134-4301-b732-d277cb19a6a6', 'language': 'html', ...}">backend/tests/backend_test.py:254: in test_projects_list_excludes_heavy_fields
    assert "thumbnail" in p
E   AssertionError: assert 'thumbnail' in {'created_at': '2026-06-14T01:44:08.700993+00:00', 'framework': 'HTML/CSS', 'id': '59902541-5134-4301-b732-d277cb19a6a6', 'language': 'html', ...}</failure></testcase><testcase classname="backend.tests.backend_test.TestGenerate" name="test_projects_lists_generated" time="0.051" /><testcase classname="backend.tests.backend_test.TestGenerate" name="test_get_project_by_id" time="0.048" /><testcase classname="backend.tests.backend_test.TestGenerate" name="test_stats_increment" time="0.046" /><testcase classname="backend.tests.backend_test.TestGenerate" name="test_delete_project" time="0.087" /></testsuite></testsuites>